Line 17: Class SftTabsLib.SftTabs of control SftTabs was not a loaded control class.
Line 243: Class SftTabsLib.SftTabs of control SftSubTabs was not a loaded control class.
Line 386: Class SftTabsLib.SftTabs of control SftSubTabs was not a loaded control class.
Line 594: Class SftTabsLib.SftTabs of control SftSubTabs was not a loaded control class.
Line 736: Class SftTabsLib.SftTabs of control SftSubTabs was not a loaded control class.
Line 1153: Class SftTabsLib.SftTabs of control SftSubTabs was not a loaded control class.
Line 23: The property name PropVer in SftTabs is invalid.
Line 24: The property name xcx in SftTabs is invalid.
Line 25: The property name xcy in SftTabs is invalid.
Line 26: The property name PropFile in SftTabs is invalid.
Line 27: The property name PropDesignTime in SftTabs is invalid.
Line 28: The property name DeletePropFile in SftTabs is invalid.
Line 29: The property name IntVal in SftTabs is invalid.
Line 30: The property name xBfStyle1 in SftTabs is invalid.
Line 31: The property name xBfStyle2 in SftTabs is invalid.
Line 32: The property name xBfStyle3 in SftTabs is invalid.
Line 33: The property name xBfStyle4 in SftTabs is invalid.
Line 34: The property name TabCount in SftTabs is invalid.
Line 35: The property name CurrentTab in SftTabs is invalid.
Line 36: The property name FlatProperties in SftTabs is invalid.
Line 58: The property name Tab(0) in SftTabs is invalid.
Line 80: The property name Tab(1) in SftTabs is invalid.
Line 102: The property name Tab(2) in SftTabs is invalid.
Line 124: The property name Tab(3) in SftTabs is invalid.
Line 146: The property name Tab(4) in SftTabs is invalid.
Line 149: The property name Tabs in SftTabs is invalid.
Line 157: The property name Scrolling in SftTabs is invalid.
Line 159: The property name BackgroundInside in SftTabs is invalid.
Line 160: The property name ClientArea in SftTabs is invalid.
Line 162: The property name FlatProperties in SftTabs is invalid.
Line 166: The property name Style in SftTabs is invalid.
Line 167: The property name UseClientAreaColors in SftTabs is invalid.
Line 169: The property name BorderColor in SftTabs is invalid.
Line 170: The property name BrightHighlightColor in SftTabs is invalid.
Line 172: The property name HighlightColor in SftTabs is invalid.
Line 173: The property name ShadowColor in SftTabs is invalid.
Line 174: The property name ScrollingButtonBackColor in SftTabs is invalid.
Line 175: The property name ScrollingButtonBorderColor in SftTabs is invalid.
Line 176: The property name ScrollingButtonForeColor in SftTabs is invalid.
Line 177: The property name ScrollingButtonForeColorGrayed in SftTabs is invalid.
Line 178: The property name ScrollingButtonHighlightColor in SftTabs is invalid.
Line 179: The property name ScrollingButtonShadowColor in SftTabs is invalid.
Line 180: The property name TabsBoldActive in SftTabs is invalid.
Line 181: The property name TabsDropText in SftTabs is invalid.
Line 182: The property name TabsEachRow in SftTabs is invalid.
Line 183: The property name TabsFillComplete in SftTabs is invalid.
Line 184: The property name TabsFixed in SftTabs is invalid.
Line 185: The property name TabsFlyby in SftTabs is invalid.
Line 186: The property name TabsRows in SftTabs is invalid.
Line 187: The property name TabsRowIndent in SftTabs is invalid.
Line 188: The property name TabsTextOnly in SftTabs is invalid.
Line 189: The property name TabsLeftMargin in SftTabs is invalid.
Line 190: The property name TabsRightMargin in SftTabs is invalid.
Line 191: The property name ScrollButtonStyle in SftTabs is invalid.
Line 192: The property name ScrollCondScrollButtons in SftTabs is invalid.
Line 193: The property name ScrollFullSize in SftTabs is invalid.
Line 194: The property name ScrollHideScrollButtons in SftTabs is invalid.
Line 195: The property name ScrollNoTruncate in SftTabs is invalid.
Line 196: The property name ScrollScrollable in SftTabs is invalid.
Line 197: The property name ScrollScrollOnLeft in SftTabs is invalid.
Line 198: The property name AlwaysShowAccel in SftTabs is invalid.
Line 199: The property name UseExactRegion in SftTabs is invalid.
Line 200: The property name UseThemes in SftTabs is invalid.
Line 201: The property name ShowFocusRectangle in SftTabs is invalid.
Line 202: The property name ButtonAlignment in SftTabs is invalid.
Line 203: The property name CloseButton in SftTabs is invalid.
Line 204: The property name CloseButtonDisabled in SftTabs is invalid.
Line 205: The property name CloseButtonWMCLOSE in SftTabs is invalid.
Line 206: The property name CloseButtonFullSize in SftTabs is invalid.
Line 207: The property name CloseButtonAlignment in SftTabs is invalid.
Line 208: The property name MinimizeButton in SftTabs is invalid.
Line 209: The property name RestoreButton in SftTabs is invalid.
Line 210: The property name CustomCode in SftTabs is invalid.
Line 211: The property name xDesign in SftTabs is invalid.
Line 212: The property name yDesign in SftTabs is invalid.
Line 213: The property name List(0)Count in SftTabs is invalid.
Line 214: The property name List(0)(0)Ctl in SftTabs is invalid.
Line 215: The property name List(0)(0)Ena in SftTabs is invalid.
Line 216: The property name List(0)(0)x in SftTabs is invalid.
Line 217: The property name List(0)(0)y in SftTabs is invalid.
Line 218: The property name List(1)Count in SftTabs is invalid.
Line 219: The property name List(1)(0)Ctl in SftTabs is invalid.
Line 220: The property name List(1)(0)Ena in SftTabs is invalid.
Line 221: The property name List(1)(0)x in SftTabs is invalid.
Line 222: The property name List(1)(0)y in SftTabs is invalid.
Line 223: The property name List(2)Count in SftTabs is invalid.
Line 224: The property name List(2)(0)Ctl in SftTabs is invalid.
Line 225: The property name List(2)(0)Ena in SftTabs is invalid.
Line 226: The property name List(2)(0)x in SftTabs is invalid.
Line 227: The property name List(2)(0)y in SftTabs is invalid.
Line 228: The property name List(3)Count in SftTabs is invalid.
Line 229: The property name List(3)(0)Ctl in SftTabs is invalid.
Line 230: The property name List(3)(0)Ena in SftTabs is invalid.
Line 231: The property name List(3)(0)x in SftTabs is invalid.
Line 232: The property name List(3)(0)y in SftTabs is invalid.
Line 233: The property name List(4)Count in SftTabs is invalid.
Line 250: The property name PropVer in SftSubTabs is invalid.
Line 251: The property name xcx in SftSubTabs is invalid.
Line 252: The property name xcy in SftSubTabs is invalid.
Line 253: The property name PropFile in SftSubTabs is invalid.
Line 254: The property name PropDesignTime in SftSubTabs is invalid.
Line 255: The property name DeletePropFile in SftSubTabs is invalid.
Line 256: The property name IntVal in SftSubTabs is invalid.
Line 257: The property name xBfStyle1 in SftSubTabs is invalid.
Line 258: The property name xBfStyle2 in SftSubTabs is invalid.
Line 259: The property name xBfStyle3 in SftSubTabs is invalid.
Line 260: The property name xBfStyle4 in SftSubTabs is invalid.
Line 261: The property name TabCount in SftSubTabs is invalid.
Line 262: The property name CurrentTab in SftSubTabs is invalid.
Line 263: The property name FlatProperties in SftSubTabs is invalid.
Line 285: The property name Tab(0) in SftSubTabs is invalid.
Line 307: The property name Tab(1) in SftSubTabs is invalid.
Line 310: The property name Tabs in SftSubTabs is invalid.
Line 318: The property name Scrolling in SftSubTabs is invalid.
Line 320: The property name BackgroundInside in SftSubTabs is invalid.
Line 321: The property name ClientArea in SftSubTabs is invalid.
Line 323: The property name FlatProperties in SftSubTabs is invalid.
Line 327: The property name Style in SftSubTabs is invalid.
Line 328: The property name UseClientAreaColors in SftSubTabs is invalid.
Line 330: The property name BorderColor in SftSubTabs is invalid.
Line 331: The property name BrightHighlightColor in SftSubTabs is invalid.
Line 333: The property name HighlightColor in SftSubTabs is invalid.
Line 334: The property name ShadowColor in SftSubTabs is invalid.
Line 335: The property name ScrollingButtonBackColor in SftSubTabs is invalid.
Line 336: The property name ScrollingButtonBorderColor in SftSubTabs is invalid.
Line 337: The property name ScrollingButtonForeColor in SftSubTabs is invalid.
Line 338: The property name ScrollingButtonForeColorGrayed in SftSubTabs is invalid.
Line 339: The property name ScrollingButtonHighlightColor in SftSubTabs is invalid.
Line 340: The property name ScrollingButtonShadowColor in SftSubTabs is invalid.
Line 341: The property name TabsBoldActive in SftSubTabs is invalid.
Line 342: The property name TabsDropText in SftSubTabs is invalid.
Line 343: The property name TabsEachRow in SftSubTabs is invalid.
Line 344: The property name TabsFillComplete in SftSubTabs is invalid.
Line 345: The property name TabsFixed in SftSubTabs is invalid.
Line 346: The property name TabsFlyby in SftSubTabs is invalid.
Line 347: The property name TabsRows in SftSubTabs is invalid.
Line 348: The property name TabsRowIndent in SftSubTabs is invalid.
Line 349: The property name TabsTextOnly in SftSubTabs is invalid.
Line 350: The property name TabsLeftMargin in SftSubTabs is invalid.
Line 351: The property name TabsRightMargin in SftSubTabs is invalid.
Line 352: The property name ScrollButtonStyle in SftSubTabs is invalid.
Line 353: The property name ScrollCondScrollButtons in SftSubTabs is invalid.
Line 354: The property name ScrollFullSize in SftSubTabs is invalid.
Line 355: The property name ScrollHideScrollButtons in SftSubTabs is invalid.
Line 356: The property name ScrollNoTruncate in SftSubTabs is invalid.
Line 357: The property name ScrollScrollable in SftSubTabs is invalid.
Line 358: The property name ScrollScrollOnLeft in SftSubTabs is invalid.
Line 359: The property name AlwaysShowAccel in SftSubTabs is invalid.
Line 360: The property name UseExactRegion in SftSubTabs is invalid.
Line 361: The property name UseThemes in SftSubTabs is invalid.
Line 362: The property name ShowFocusRectangle in SftSubTabs is invalid.
Line 363: The property name ButtonAlignment in SftSubTabs is invalid.
Line 364: The property name CloseButton in SftSubTabs is invalid.
Line 365: The property name CloseButtonDisabled in SftSubTabs is invalid.
Line 366: The property name CloseButtonWMCLOSE in SftSubTabs is invalid.
Line 367: The property name CloseButtonFullSize in SftSubTabs is invalid.
Line 368: The property name CloseButtonAlignment in SftSubTabs is invalid.
Line 369: The property name MinimizeButton in SftSubTabs is invalid.
Line 370: The property name RestoreButton in SftSubTabs is invalid.
Line 371: The property name CustomCode in SftSubTabs is invalid.
Line 372: The property name xDesign in SftSubTabs is invalid.
Line 373: The property name yDesign in SftSubTabs is invalid.
Line 374: The property name List(0)Count in SftSubTabs is invalid.
Line 375: The property name List(1)Count in SftSubTabs is invalid.
Line 393: The property name PropVer in SftSubTabs is invalid.
Line 394: The property name xcx in SftSubTabs is invalid.
Line 395: The property name xcy in SftSubTabs is invalid.
Line 396: The property name PropFile in SftSubTabs is invalid.
Line 397: The property name PropDesignTime in SftSubTabs is invalid.
Line 398: The property name DeletePropFile in SftSubTabs is invalid.
Line 399: The property name IntVal in SftSubTabs is invalid.
Line 400: The property name xBfStyle1 in SftSubTabs is invalid.
Line 401: The property name xBfStyle2 in SftSubTabs is invalid.
Line 402: The property name xBfStyle3 in SftSubTabs is invalid.
Line 403: The property name xBfStyle4 in SftSubTabs is invalid.
Line 404: The property name TabCount in SftSubTabs is invalid.
Line 405: The property name CurrentTab in SftSubTabs is invalid.
Line 406: The property name FlatProperties in SftSubTabs is invalid.
Line 428: The property name Tab(0) in SftSubTabs is invalid.
Line 449: The property name Tab(1) in SftSubTabs is invalid.
Line 470: The property name Tab(2) in SftSubTabs is invalid.
Line 491: The property name Tab(3) in SftSubTabs is invalid.
Line 512: The property name Tab(4) in SftSubTabs is invalid.
Line 515: The property name Tabs in SftSubTabs is invalid.
Line 523: The property name Scrolling in SftSubTabs is invalid.
Line 525: The property name BackgroundInside in SftSubTabs is invalid.
Line 526: The property name ClientArea in SftSubTabs is invalid.
Line 528: The property name FlatProperties in SftSubTabs is invalid.
Line 532: The property name Style in SftSubTabs is invalid.
Line 533: The property name UseClientAreaColors in SftSubTabs is invalid.
Line 535: The property name BorderColor in SftSubTabs is invalid.
Line 536: The property name BrightHighlightColor in SftSubTabs is invalid.
Line 538: The property name HighlightColor in SftSubTabs is invalid.
Line 539: The property name ShadowColor in SftSubTabs is invalid.
Line 540: The property name ScrollingButtonBackColor in SftSubTabs is invalid.
Line 541: The property name ScrollingButtonBorderColor in SftSubTabs is invalid.
Line 542: The property name ScrollingButtonForeColor in SftSubTabs is invalid.
Line 543: The property name ScrollingButtonForeColorGrayed in SftSubTabs is invalid.
Line 544: The property name ScrollingButtonHighlightColor in SftSubTabs is invalid.
Line 545: The property name ScrollingButtonShadowColor in SftSubTabs is invalid.
Line 546: The property name TabsBoldActive in SftSubTabs is invalid.
Line 547: The property name TabsDropText in SftSubTabs is invalid.
Line 548: The property name TabsEachRow in SftSubTabs is invalid.
Line 549: The property name TabsFillComplete in SftSubTabs is invalid.
Line 550: The property name TabsFixed in SftSubTabs is invalid.
Line 551: The property name TabsFlyby in SftSubTabs is invalid.
Line 552: The property name TabsRows in SftSubTabs is invalid.
Line 553: The property name TabsRowIndent in SftSubTabs is invalid.
Line 554: The property name TabsTextOnly in SftSubTabs is invalid.
Line 555: The property name TabsLeftMargin in SftSubTabs is invalid.
Line 556: The property name TabsRightMargin in SftSubTabs is invalid.
Line 557: The property name ScrollButtonStyle in SftSubTabs is invalid.
Line 558: The property name ScrollCondScrollButtons in SftSubTabs is invalid.
Line 559: The property name ScrollFullSize in SftSubTabs is invalid.
Line 560: The property name ScrollHideScrollButtons in SftSubTabs is invalid.
Line 561: The property name ScrollNoTruncate in SftSubTabs is invalid.
Line 562: The property name ScrollScrollable in SftSubTabs is invalid.
Line 563: The property name ScrollScrollOnLeft in SftSubTabs is invalid.
Line 564: The property name AlwaysShowAccel in SftSubTabs is invalid.
Line 565: The property name UseExactRegion in SftSubTabs is invalid.
Line 566: The property name UseThemes in SftSubTabs is invalid.
Line 567: The property name ShowFocusRectangle in SftSubTabs is invalid.
Line 568: The property name ButtonAlignment in SftSubTabs is invalid.
Line 569: The property name CloseButton in SftSubTabs is invalid.
Line 570: The property name CloseButtonDisabled in SftSubTabs is invalid.
Line 571: The property name CloseButtonWMCLOSE in SftSubTabs is invalid.
Line 572: The property name CloseButtonFullSize in SftSubTabs is invalid.
Line 573: The property name CloseButtonAlignment in SftSubTabs is invalid.
Line 574: The property name MinimizeButton in SftSubTabs is invalid.
Line 575: The property name RestoreButton in SftSubTabs is invalid.
Line 576: The property name CustomCode in SftSubTabs is invalid.
Line 577: The property name xDesign in SftSubTabs is invalid.
Line 578: The property name yDesign in SftSubTabs is invalid.
Line 579: The property name List(0)Count in SftSubTabs is invalid.
Line 580: The property name List(1)Count in SftSubTabs is invalid.
Line 581: The property name List(2)Count in SftSubTabs is invalid.
Line 582: The property name List(3)Count in SftSubTabs is invalid.
Line 583: The property name List(4)Count in SftSubTabs is invalid.
Line 601: The property name PropVer in SftSubTabs is invalid.
Line 602: The property name xcx in SftSubTabs is invalid.
Line 603: The property name xcy in SftSubTabs is invalid.
Line 604: The property name PropFile in SftSubTabs is invalid.
Line 605: The property name PropDesignTime in SftSubTabs is invalid.
Line 606: The property name DeletePropFile in SftSubTabs is invalid.
Line 607: The property name IntVal in SftSubTabs is invalid.
Line 608: The property name xBfStyle1 in SftSubTabs is invalid.
Line 609: The property name xBfStyle2 in SftSubTabs is invalid.
Line 610: The property name xBfStyle3 in SftSubTabs is invalid.
Line 611: The property name xBfStyle4 in SftSubTabs is invalid.
Line 612: The property name TabCount in SftSubTabs is invalid.
Line 613: The property name CurrentTab in SftSubTabs is invalid.
Line 614: The property name FlatProperties in SftSubTabs is invalid.
Line 636: The property name Tab(0) in SftSubTabs is invalid.
Line 657: The property name Tab(1) in SftSubTabs is invalid.
Line 660: The property name Tabs in SftSubTabs is invalid.
Line 668: The property name Scrolling in SftSubTabs is invalid.
Line 670: The property name BackgroundInside in SftSubTabs is invalid.
Line 671: The property name ClientArea in SftSubTabs is invalid.
Line 673: The property name FlatProperties in SftSubTabs is invalid.
Line 677: The property name Style in SftSubTabs is invalid.
Line 678: The property name UseClientAreaColors in SftSubTabs is invalid.
Line 680: The property name BorderColor in SftSubTabs is invalid.
Line 681: The property name BrightHighlightColor in SftSubTabs is invalid.
Line 683: The property name HighlightColor in SftSubTabs is invalid.
Line 684: The property name ShadowColor in SftSubTabs is invalid.
Line 685: The property name ScrollingButtonBackColor in SftSubTabs is invalid.
Line 686: The property name ScrollingButtonBorderColor in SftSubTabs is invalid.
Line 687: The property name ScrollingButtonForeColor in SftSubTabs is invalid.
Line 688: The property name ScrollingButtonForeColorGrayed in SftSubTabs is invalid.
Line 689: The property name ScrollingButtonHighlightColor in SftSubTabs is invalid.
Line 690: The property name ScrollingButtonShadowColor in SftSubTabs is invalid.
Line 691: The property name TabsBoldActive in SftSubTabs is invalid.
Line 692: The property name TabsDropText in SftSubTabs is invalid.
Line 693: The property name TabsEachRow in SftSubTabs is invalid.
Line 694: The property name TabsFillComplete in SftSubTabs is invalid.
Line 695: The property name TabsFixed in SftSubTabs is invalid.
Line 696: The property name TabsFlyby in SftSubTabs is invalid.
Line 697: The property name TabsRows in SftSubTabs is invalid.
Line 698: The property name TabsRowIndent in SftSubTabs is invalid.
Line 699: The property name TabsTextOnly in SftSubTabs is invalid.
Line 700: The property name TabsLeftMargin in SftSubTabs is invalid.
Line 701: The property name TabsRightMargin in SftSubTabs is invalid.
Line 702: The property name ScrollButtonStyle in SftSubTabs is invalid.
Line 703: The property name ScrollCondScrollButtons in SftSubTabs is invalid.
Line 704: The property name ScrollFullSize in SftSubTabs is invalid.
Line 705: The property name ScrollHideScrollButtons in SftSubTabs is invalid.
Line 706: The property name ScrollNoTruncate in SftSubTabs is invalid.
Line 707: The property name ScrollScrollable in SftSubTabs is invalid.
Line 708: The property name ScrollScrollOnLeft in SftSubTabs is invalid.
Line 709: The property name AlwaysShowAccel in SftSubTabs is invalid.
Line 710: The property name UseExactRegion in SftSubTabs is invalid.
Line 711: The property name UseThemes in SftSubTabs is invalid.
Line 712: The property name ShowFocusRectangle in SftSubTabs is invalid.
Line 713: The property name ButtonAlignment in SftSubTabs is invalid.
Line 714: The property name CloseButton in SftSubTabs is invalid.
Line 715: The property name CloseButtonDisabled in SftSubTabs is invalid.
Line 716: The property name CloseButtonWMCLOSE in SftSubTabs is invalid.
Line 717: The property name CloseButtonFullSize in SftSubTabs is invalid.
Line 718: The property name CloseButtonAlignment in SftSubTabs is invalid.
Line 719: The property name MinimizeButton in SftSubTabs is invalid.
Line 720: The property name RestoreButton in SftSubTabs is invalid.
Line 721: The property name CustomCode in SftSubTabs is invalid.
Line 722: The property name xDesign in SftSubTabs is invalid.
Line 723: The property name yDesign in SftSubTabs is invalid.
Line 724: The property name List(0)Count in SftSubTabs is invalid.
Line 725: The property name List(1)Count in SftSubTabs is invalid.
Line 743: The property name PropVer in SftSubTabs is invalid.
Line 744: The property name xcx in SftSubTabs is invalid.
Line 745: The property name xcy in SftSubTabs is invalid.
Line 746: The property name PropFile in SftSubTabs is invalid.
Line 747: The property name PropDesignTime in SftSubTabs is invalid.
Line 748: The property name DeletePropFile in SftSubTabs is invalid.
Line 749: The property name IntVal in SftSubTabs is invalid.
Line 750: The property name xBfStyle1 in SftSubTabs is invalid.
Line 751: The property name xBfStyle2 in SftSubTabs is invalid.
Line 752: The property name xBfStyle3 in SftSubTabs is invalid.
Line 753: The property name xBfStyle4 in SftSubTabs is invalid.
Line 754: The property name TabCount in SftSubTabs is invalid.
Line 755: The property name CurrentTab in SftSubTabs is invalid.
Line 756: The property name FlatProperties in SftSubTabs is invalid.
Line 778: The property name Tab(0) in SftSubTabs is invalid.
Line 800: The property name Tab(1) in SftSubTabs is invalid.
Line 822: The property name Tab(2) in SftSubTabs is invalid.
Line 844: The property name Tab(3) in SftSubTabs is invalid.
Line 866: The property name Tab(4) in SftSubTabs is invalid.
Line 888: The property name Tab(5) in SftSubTabs is invalid.
Line 910: The property name Tab(6) in SftSubTabs is invalid.
Line 932: The property name Tab(7) in SftSubTabs is invalid.
Line 954: The property name Tab(8) in SftSubTabs is invalid.
Line 976: The property name Tab(9) in SftSubTabs is invalid.
Line 997: The property name Tab(10) in SftSubTabs is invalid.
Line 1019: The property name Tab(11) in SftSubTabs is invalid.
Line 1040: The property name Tab(12) in SftSubTabs is invalid.
Line 1062: The property name Tab(13) in SftSubTabs is invalid.
Line 1065: The property name Tabs in SftSubTabs is invalid.
Line 1073: The property name Scrolling in SftSubTabs is invalid.
Line 1075: The property name BackgroundInside in SftSubTabs is invalid.
Line 1076: The property name ClientArea in SftSubTabs is invalid.
Line 1078: The property name FlatProperties in SftSubTabs is invalid.
Line 1082: The property name Style in SftSubTabs is invalid.
Line 1083: The property name UseClientAreaColors in SftSubTabs is invalid.
Line 1085: The property name BorderColor in SftSubTabs is invalid.
Line 1086: The property name BrightHighlightColor in SftSubTabs is invalid.
Line 1088: The property name HighlightColor in SftSubTabs is invalid.
Line 1089: The property name ShadowColor in SftSubTabs is invalid.
Line 1090: The property name ScrollingButtonBackColor in SftSubTabs is invalid.
Line 1091: The property name ScrollingButtonBorderColor in SftSubTabs is invalid.
Line 1092: The property name ScrollingButtonForeColor in SftSubTabs is invalid.
Line 1093: The property name ScrollingButtonForeColorGrayed in SftSubTabs is invalid.
Line 1094: The property name ScrollingButtonHighlightColor in SftSubTabs is invalid.
Line 1095: The property name ScrollingButtonShadowColor in SftSubTabs is invalid.
Line 1096: The property name TabsBoldActive in SftSubTabs is invalid.
Line 1097: The property name TabsDropText in SftSubTabs is invalid.
Line 1098: The property name TabsEachRow in SftSubTabs is invalid.
Line 1099: The property name TabsFillComplete in SftSubTabs is invalid.
Line 1100: The property name TabsFixed in SftSubTabs is invalid.
Line 1101: The property name TabsFlyby in SftSubTabs is invalid.
Line 1102: The property name TabsRows in SftSubTabs is invalid.
Line 1103: The property name TabsRowIndent in SftSubTabs is invalid.
Line 1104: The property name TabsTextOnly in SftSubTabs is invalid.
Line 1105: The property name TabsLeftMargin in SftSubTabs is invalid.
Line 1106: The property name TabsRightMargin in SftSubTabs is invalid.
Line 1107: The property name ScrollButtonStyle in SftSubTabs is invalid.
Line 1108: The property name ScrollCondScrollButtons in SftSubTabs is invalid.
Line 1109: The property name ScrollFullSize in SftSubTabs is invalid.
Line 1110: The property name ScrollHideScrollButtons in SftSubTabs is invalid.
Line 1111: The property name ScrollNoTruncate in SftSubTabs is invalid.
Line 1112: The property name ScrollScrollable in SftSubTabs is invalid.
Line 1113: The property name ScrollScrollOnLeft in SftSubTabs is invalid.
Line 1114: The property name AlwaysShowAccel in SftSubTabs is invalid.
Line 1115: The property name UseExactRegion in SftSubTabs is invalid.
Line 1116: The property name UseThemes in SftSubTabs is invalid.
Line 1117: The property name ShowFocusRectangle in SftSubTabs is invalid.
Line 1118: The property name ButtonAlignment in SftSubTabs is invalid.
Line 1119: The property name CloseButton in SftSubTabs is invalid.
Line 1120: The property name CloseButtonDisabled in SftSubTabs is invalid.
Line 1121: The property name CloseButtonWMCLOSE in SftSubTabs is invalid.
Line 1122: The property name CloseButtonFullSize in SftSubTabs is invalid.
Line 1123: The property name CloseButtonAlignment in SftSubTabs is invalid.
Line 1124: The property name MinimizeButton in SftSubTabs is invalid.
Line 1125: The property name RestoreButton in SftSubTabs is invalid.
Line 1126: The property name CustomCode in SftSubTabs is invalid.
Line 1127: The property name xDesign in SftSubTabs is invalid.
Line 1128: The property name yDesign in SftSubTabs is invalid.
Line 1129: The property name List(0)Count in SftSubTabs is invalid.
Line 1130: The property name List(1)Count in SftSubTabs is invalid.
Line 1131: The property name List(2)Count in SftSubTabs is invalid.
Line 1132: The property name List(3)Count in SftSubTabs is invalid.
Line 1133: The property name List(4)Count in SftSubTabs is invalid.
Line 1134: The property name List(5)Count in SftSubTabs is invalid.
Line 1135: The property name List(6)Count in SftSubTabs is invalid.
Line 1136: The property name List(7)Count in SftSubTabs is invalid.
Line 1137: The property name List(8)Count in SftSubTabs is invalid.
Line 1138: The property name List(9)Count in SftSubTabs is invalid.
Line 1139: The property name List(10)Count in SftSubTabs is invalid.
Line 1140: The property name List(11)Count in SftSubTabs is invalid.
Line 1141: The property name List(12)Count in SftSubTabs is invalid.
Line 1142: The property name List(13)Count in SftSubTabs is invalid.
Line 1160: The property name PropVer in SftSubTabs is invalid.
Line 1161: The property name xcx in SftSubTabs is invalid.
Line 1162: The property name xcy in SftSubTabs is invalid.
Line 1163: The property name PropFile in SftSubTabs is invalid.
Line 1164: The property name PropDesignTime in SftSubTabs is invalid.
Line 1165: The property name DeletePropFile in SftSubTabs is invalid.
Line 1166: The property name IntVal in SftSubTabs is invalid.
Line 1167: The property name xBfStyle1 in SftSubTabs is invalid.
Line 1168: The property name xBfStyle2 in SftSubTabs is invalid.
Line 1169: The property name xBfStyle3 in SftSubTabs is invalid.
Line 1170: The property name xBfStyle4 in SftSubTabs is invalid.
Line 1171: The property name TabCount in SftSubTabs is invalid.
Line 1172: The property name CurrentTab in SftSubTabs is invalid.
Line 1173: The property name FlatProperties in SftSubTabs is invalid.
Line 1195: The property name Tab(0) in SftSubTabs is invalid.
Line 1198: The property name Tabs in SftSubTabs is invalid.
Line 1206: The property name Scrolling in SftSubTabs is invalid.
Line 1208: The property name ClientArea in SftSubTabs is invalid.
Line 1210: The property name FlatProperties in SftSubTabs is invalid.
Line 1214: The property name Style in SftSubTabs is invalid.
Line 1215: The property name UseClientAreaColors in SftSubTabs is invalid.
Line 1217: The property name BorderColor in SftSubTabs is invalid.
Line 1218: The property name BrightHighlightColor in SftSubTabs is invalid.
Line 1220: The property name HighlightColor in SftSubTabs is invalid.
Line 1221: The property name ShadowColor in SftSubTabs is invalid.
Line 1222: The property name ScrollingButtonBackColor in SftSubTabs is invalid.
Line 1223: The property name ScrollingButtonBorderColor in SftSubTabs is invalid.
Line 1224: The property name ScrollingButtonForeColor in SftSubTabs is invalid.
Line 1225: The property name ScrollingButtonForeColorGrayed in SftSubTabs is invalid.
Line 1226: The property name ScrollingButtonHighlightColor in SftSubTabs is invalid.
Line 1227: The property name ScrollingButtonShadowColor in SftSubTabs is invalid.
Line 1228: The property name TabsBoldActive in SftSubTabs is invalid.
Line 1229: The property name TabsDropText in SftSubTabs is invalid.
Line 1230: The property name TabsEachRow in SftSubTabs is invalid.
Line 1231: The property name TabsFillComplete in SftSubTabs is invalid.
Line 1232: The property name TabsFixed in SftSubTabs is invalid.
Line 1233: The property name TabsFlyby in SftSubTabs is invalid.
Line 1234: The property name TabsRows in SftSubTabs is invalid.
Line 1235: The property name TabsRowIndent in SftSubTabs is invalid.
Line 1236: The property name TabsTextOnly in SftSubTabs is invalid.
Line 1237: The property name TabsLeftMargin in SftSubTabs is invalid.
Line 1238: The property name TabsRightMargin in SftSubTabs is invalid.
Line 1239: The property name ScrollButtonStyle in SftSubTabs is invalid.
Line 1240: The property name ScrollCondScrollButtons in SftSubTabs is invalid.
Line 1241: The property name ScrollFullSize in SftSubTabs is invalid.
Line 1242: The property name ScrollHideScrollButtons in SftSubTabs is invalid.
Line 1243: The property name ScrollNoTruncate in SftSubTabs is invalid.
Line 1244: The property name ScrollScrollable in SftSubTabs is invalid.
Line 1245: The property name ScrollScrollOnLeft in SftSubTabs is invalid.
Line 1246: The property name AlwaysShowAccel in SftSubTabs is invalid.
Line 1247: The property name UseExactRegion in SftSubTabs is invalid.
Line 1248: The property name UseThemes in SftSubTabs is invalid.
Line 1249: The property name ShowFocusRectangle in SftSubTabs is invalid.
Line 1250: The property name ButtonAlignment in SftSubTabs is invalid.
Line 1251: The property name CloseButton in SftSubTabs is invalid.
Line 1252: The property name CloseButtonDisabled in SftSubTabs is invalid.
Line 1253: The property name CloseButtonWMCLOSE in SftSubTabs is invalid.
Line 1254: The property name CloseButtonFullSize in SftSubTabs is invalid.
Line 1255: The property name CloseButtonAlignment in SftSubTabs is invalid.
Line 1256: The property name MinimizeButton in SftSubTabs is invalid.
Line 1257: The property name RestoreButton in SftSubTabs is invalid.
Line 1258: The property name CustomCode in SftSubTabs is invalid.
Line 1259: The property name xDesign in SftSubTabs is invalid.
Line 1260: The property name yDesign in SftSubTabs is invalid.
Line 1261: The property name List(0)Count in SftSubTabs is invalid.
