CWT Desktop log | 04-Apr-2013 11:58:31
D:\Work\Source Code\Development\VB6\CWTDesktop_SmartPoint\UnderDev\FullModule\DevCode_Ready\Refix_Dev_V2_1_19_CodeStandardization_03Apr2013_CR203\mod_Isidebar\TPro_1G_CODE\Project1 (ver 1.2.19)
[04-Apr-2013 11:58:31]   gstrAgcyCountryCode =SG
[04-Apr-2013 11:58:31]   gstrAgcyCurrCode =SGD
[04-Apr-2013 11:58:31]   gstrAgcyCityCode =SIN
[04-Apr-2013 11:58:31]   gstrAgcyAirportCode =SIN
[04-Apr-2013 11:58:31]   gstrAgcyPhone =6309 0505
[04-Apr-2013 11:58:31]   gstrPFCode=
[04-Apr-2013 11:58:31]   gstrPFPCC=781Q
[04-Apr-2013 11:58:31]   gstrPCC =781Q
[04-Apr-2013 11:58:31]   gstrHQPCC =781Q
[04-Apr-2013 11:58:34]   ENTRY><FORMAT><![CDATA[*R]]></FORMAT>
[04-Apr-2013 11:58:34]   ** THIS BF HAS BEEN CHANGED - IGNORE BEFORE PROCEEDING ** IR·
QQPQ22/88 QSBSB 0576881 AG 32312350 26FEB
  1.1BEARWINS/MARKMR
 1. SQ  970 V  25JUN SINBKK HK1  0710   0835  O        E TU
 2. SQ  975 V  28JUN BKKSIN HK1  1230   1555  O        E FR
** CLIENT FILE REFERENCES EXIST **     *CF·
** FILED FARE DATA EXISTS **           *FF·
** ITINERARY REMARKS DATA EXISTS **    *RI·
** VENDOR LOCATOR DATA EXISTS **       *VL·
** VENDOR REMARKS DATA EXISTS **       *VR·
** SERVICE INFORMATION EXISTS **       *SI·
** CUSTOM CHECK RULES EXIST **         *RU·
FONE-SINT*CARLSON WAGONLIT TRAVEL TEL 62202228
[04-Apr-2013 11:58:34]   >>>END FORMATTED RESPONSE> 
[04-Apr-2013 11:58:34]   <?xml version="1.0"?>
<!--This is a host terminal response-->
<RESPONSE xmlns="x-schema:C:\fp\swdir\Content\emulation-schema.xml">
  <LINE INDEX="1"><![CDATA[** THIS BF HAS BEEN CHANGED - IGNORE BEFORE PROCEEDING ** ]]><SOM/><![CDATA[IR]]><TABSTOP/><CARRIAGE_RETURN/></LINE>
  <LINE INDEX="2"><![CDATA[QQPQ22/88 QSBSB 0576881 AG 32312350 26FEB]]><CARRIAGE_RETURN/></LINE>
  <LINE INDEX="3"><![CDATA[  1.1BEARWINS/MARKMR]]><CARRIAGE_RETURN/></LINE>
  <LINE INDEX="4"><![CDATA[ 1. SQ  970 V  25JUN SINBKK HK1  0710   0835  O        E TU]]><CARRIAGE_RETURN/></LINE>
  <LINE INDEX="5"><![CDATA[ 2. SQ  975 V  28JUN BKKSIN HK1  1230   1555  O        E FR]]><CARRIAGE_RETURN/></LINE>
  <LINE INDEX="6"><![CDATA[** CLIENT FILE REFERENCES EXIST **     ]]><SOM/><![CDATA[*CF]]><TABSTOP/><CARRIAGE_RETURN/></LINE>
  <LINE INDEX="7"><![CDATA[** FILED FARE DATA EXISTS **           ]]><SOM/><![CDATA[*FF]]><TABSTOP/><CARRIAGE_RETURN/></LINE>
  <LINE INDEX="8"><![CDATA[** ITINERARY REMARKS DATA EXISTS **    ]]><SOM/><![CDATA[*RI]]><TABSTOP/><CARRIAGE_RETURN/></LINE>
  <LINE INDEX="9"><![CDATA[** VENDOR LOCATOR DATA EXISTS **       ]]><SOM/><![CDATA[*VL]]><TABSTOP/><CARRIAGE_RETURN/></LINE>
  <LINE INDEX="10"><![CDATA[** VENDOR REMARKS DATA EXISTS **       ]]><SOM/><![CDATA[*VR]]><TABSTOP/><CARRIAGE_RETURN/></LINE>
  <LINE INDEX="11"><![CDATA[** SERVICE INFORMATION EXISTS **       ]]><SOM/><![CDATA[*SI]]><TABSTOP/><CARRIAGE_RETURN/></LINE>
  <LINE INDEX="12"><![CDATA[** CUSTOM CHECK RULES EXIST **         ]]><SOM/><![CDATA[*RU]]><TABSTOP/><CARRIAGE_RETURN/></LINE>
  <LINE INDEX="13"><![CDATA[FONE-SINT*CARLSON WAGONLIT TRAVEL TEL 62202228]]><CARRIAGE_RETURN/></LINE>
  <LINE INDEX="14"><![CDATA[)]]><SOM/></LINE>
</RESPONSE>
[04-Apr-2013 11:58:34]   >>>END XML RESPONSE>
[04-Apr-2013 11:58:34]   ----------------------------------------------------------------
[04-Apr-2013 11:58:46]   ENTRY><FORMAT><![CDATA[*TD]]></FORMAT>
[04-Apr-2013 11:58:47]   FOP -VI4444333322221111/D1214
TKTG-TAW/SA25MAY/1200
[04-Apr-2013 11:58:47]   >>>END FORMATTED RESPONSE> 
[04-Apr-2013 11:58:47]   <?xml version="1.0"?>
<!--This is a host terminal response-->
<RESPONSE xmlns="x-schema:C:\fp\swdir\Content\emulation-schema.xml">
  <LINE INDEX="1"><![CDATA[FOP -VI4444333322221111/D1214]]><CARRIAGE_RETURN/></LINE>
  <LINE INDEX="2"><![CDATA[TKTG-TAW/SA25MAY/1200]]><CARRIAGE_RETURN/></LINE>
  <LINE INDEX="3"><SOM/></LINE>
</RESPONSE>
[04-Apr-2013 11:58:47]   >>>END XML RESPONSE>
[04-Apr-2013 11:58:47]   ----------------------------------------------------------------
