CWT Desktop log | 03-Apr-2013 17:45:57
D:\Work\Source Code\Development\VB6\CWTDesktop_SmartPoint\UnderDev\FullModule\Doing\Refix_Dev_V2_1_19_CodeStandardization_03Apr2013_CR203\mod_Isidebar\TPro_1G_CODE\Project1 (ver 1.2.19)
[03-Apr-2013 17:45:57]   gstrAgcyCountryCode =SG
[03-Apr-2013 17:45:57]   gstrAgcyCurrCode =SGD
[03-Apr-2013 17:45:57]   gstrAgcyCityCode =SIN
[03-Apr-2013 17:45:57]   gstrAgcyAirportCode =SIN
[03-Apr-2013 17:45:57]   gstrAgcyPhone =6309 0505
[03-Apr-2013 17:45:57]   gstrPFCode=
[03-Apr-2013 17:45:57]   gstrPFPCC=781Q
[03-Apr-2013 17:45:57]   gstrPCC =781Q
[03-Apr-2013 17:45:57]   gstrHQPCC =781Q
[03-Apr-2013 17:45:59]   ENTRY><FORMAT><![CDATA[*R]]></FORMAT>
[03-Apr-2013 17:46:00]   ** THIS BF HAS BEEN CHANGED - IGNORE BEFORE PROCEEDING ** IR·
MNN5ZE/88 QSBSB 0576881 AG 32312350 27FEB
  1.1BEARWINS/MARKMR
 1. SQ  978 V  20JUN SINBKK HK1  1835   2000  O        E TH
 2. SQ  975 V  25JUN BKKSIN HK1  1230   1555  O        E TU
** CLIENT FILE REFERENCES EXIST **     *CF·
** FILED FARE DATA EXISTS **           *FF·
** ITINERARY REMARKS DATA EXISTS **    *RI·
** VENDOR LOCATOR DATA EXISTS **       *VL·
** VENDOR REMARKS DATA EXISTS **       *VR·
** SERVICE INFORMATION EXISTS **       *SI·
** CUSTOM CHECK RULES EXIST **         *RU·
FONE-SINT*CARLSON WAGONLIT TRAVEL TEL 62202228
[03-Apr-2013 17:46:00]   >>>END FORMATTED RESPONSE> 
[03-Apr-2013 17:46:00]   <?xml version="1.0"?>
<!--This is a host terminal response-->
<RESPONSE xmlns="x-schema:C:\fp\swdir\Content\emulation-schema.xml">
  <LINE INDEX="1"><![CDATA[** THIS BF HAS BEEN CHANGED - IGNORE BEFORE PROCEEDING ** ]]><SOM/><![CDATA[IR]]><TABSTOP/><CARRIAGE_RETURN/></LINE>
  <LINE INDEX="2"><![CDATA[MNN5ZE/88 QSBSB 0576881 AG 32312350 27FEB]]><CARRIAGE_RETURN/></LINE>
  <LINE INDEX="3"><![CDATA[  1.1BEARWINS/MARKMR]]><CARRIAGE_RETURN/></LINE>
  <LINE INDEX="4"><![CDATA[ 1. SQ  978 V  20JUN SINBKK HK1  1835   2000  O        E TH]]><CARRIAGE_RETURN/></LINE>
  <LINE INDEX="5"><![CDATA[ 2. SQ  975 V  25JUN BKKSIN HK1  1230   1555  O        E TU]]><CARRIAGE_RETURN/></LINE>
  <LINE INDEX="6"><![CDATA[** CLIENT FILE REFERENCES EXIST **     ]]><SOM/><![CDATA[*CF]]><TABSTOP/><CARRIAGE_RETURN/></LINE>
  <LINE INDEX="7"><![CDATA[** FILED FARE DATA EXISTS **           ]]><SOM/><![CDATA[*FF]]><TABSTOP/><CARRIAGE_RETURN/></LINE>
  <LINE INDEX="8"><![CDATA[** ITINERARY REMARKS DATA EXISTS **    ]]><SOM/><![CDATA[*RI]]><TABSTOP/><CARRIAGE_RETURN/></LINE>
  <LINE INDEX="9"><![CDATA[** VENDOR LOCATOR DATA EXISTS **       ]]><SOM/><![CDATA[*VL]]><TABSTOP/><CARRIAGE_RETURN/></LINE>
  <LINE INDEX="10"><![CDATA[** VENDOR REMARKS DATA EXISTS **       ]]><SOM/><![CDATA[*VR]]><TABSTOP/><CARRIAGE_RETURN/></LINE>
  <LINE INDEX="11"><![CDATA[** SERVICE INFORMATION EXISTS **       ]]><SOM/><![CDATA[*SI]]><TABSTOP/><CARRIAGE_RETURN/></LINE>
  <LINE INDEX="12"><![CDATA[** CUSTOM CHECK RULES EXIST **         ]]><SOM/><![CDATA[*RU]]><TABSTOP/><CARRIAGE_RETURN/></LINE>
  <LINE INDEX="13"><![CDATA[FONE-SINT*CARLSON WAGONLIT TRAVEL TEL 62202228]]><CARRIAGE_RETURN/></LINE>
  <LINE INDEX="14"><![CDATA[)]]><SOM/></LINE>
</RESPONSE>
[03-Apr-2013 17:46:00]   >>>END XML RESPONSE>
[03-Apr-2013 17:46:00]   ----------------------------------------------------------------
[03-Apr-2013 17:46:11]   ENTRY><FORMAT><![CDATA[*TD]]></FORMAT>
[03-Apr-2013 17:46:12]   FOP -VI4444333322221111/D1214
TKTG-TAW/WE15MAY/1200
[03-Apr-2013 17:46:12]   >>>END FORMATTED RESPONSE> 
[03-Apr-2013 17:46:12]   <?xml version="1.0"?>
<!--This is a host terminal response-->
<RESPONSE xmlns="x-schema:C:\fp\swdir\Content\emulation-schema.xml">
  <LINE INDEX="1"><![CDATA[FOP -VI4444333322221111/D1214]]><CARRIAGE_RETURN/></LINE>
  <LINE INDEX="2"><![CDATA[TKTG-TAW/WE15MAY/1200]]><CARRIAGE_RETURN/></LINE>
  <LINE INDEX="3"><SOM/></LINE>
</RESPONSE>
[03-Apr-2013 17:46:12]   >>>END XML RESPONSE>
[03-Apr-2013 17:46:12]   ----------------------------------------------------------------
